<?xml version="1.0" encoding="UTF-8"?>
<!-- Generated by org.testng.reporters.JUnitXMLReporter -->
<testsuite ignored="2" hostname="LTMY000475" failures="0" tests="7" name="Test Demo" time="48.332" errors="0" timestamp="2023-05-23T18:39:41 MYT">
  <testcase classname="Classes.ActionsModule" name="open_chrome" time="8.467"/>
  <testcase classname="Classes.DatePicker$ActionsModule" name="open_chrome" time="11.466"/>
  <testcase classname="Classes.ActionsModule" name="screenshot" time="0.237"/>
  <testcase classname="Classes.ActionsModule" name="login" time="6.815"/>
  <testcase classname="Classes.ActionsModule" name="mouse_over_contacts" time="0.268"/>
  <testcase classname="Classes.ActionsModule" name="contacts" time="8.893"/>
  <testcase classname="Classes.ActionsModule" name="logout" time="1.315"/>
  <testcase classname="Classes.DatePicker$ActionsModule" name="checkInDate" time="0.0">
    <ignored/>
  </testcase> <!-- checkInDate -->
  <testcase classname="Classes.DatePicker$ActionsModule" name="checkOutDate" time="0.0">
    <ignored/>
  </testcase> <!-- checkOutDate -->
</testsuite> <!-- Test Demo -->
