<?xml version="1.0" encoding="UTF-8"?>
<!-- Generated by org.testng.reporters.JUnitXMLReporter -->
<testsuite ignored="0" hostname="LTMY000475" failures="0" tests="6" name="Default test" time="32.934" errors="0" timestamp="2023-05-23T18:35:55 MYT">
  <testcase classname="Classes.ActionsModule" name="open_chrome" time="10.448"/>
  <testcase classname="Classes.ActionsModule" name="screenshot" time="0.629"/>
  <testcase classname="Classes.ActionsModule" name="login" time="6.839"/>
  <testcase classname="Classes.ActionsModule" name="mouse_over_contacts" time="1.138"/>
  <testcase classname="Classes.ActionsModule" name="contacts" time="8.486"/>
  <testcase classname="Classes.ActionsModule" name="logout" time="1.173"/>
</testsuite> <!-- Default test -->
