<?xml version="1.0" encoding="UTF-8"?>
<testng-results ignored="2" total="9" passed="7" failed="0" skipped="0">
  <reporter-output>
  </reporter-output>
  <suite started-at="2023-05-23T18:38:52 MYT" name="Suite1" finished-at="2023-05-23T18:39:41 MYT" duration-ms="48332">
    <groups>
    </groups>
    <test started-at="2023-05-23T18:38:52 MYT" name="Test Demo" finished-at="2023-05-23T18:39:41 MYT" duration-ms="48332">
      <class name="Classes.DatePicker$ActionsModule">
        <test-method signature="open_chrome()[pri:1, instance:Classes.DatePicker$ActionsModule@1a942c18]" started-at="2023-05-23T18:39:01 MYT" name="open_chrome" finished-at="2023-05-23T18:39:12 MYT" duration-ms="11466" status="PASS">
          <reporter-output>
          </reporter-output>
        </test-method> <!-- open_chrome -->
        <test-method is-config="true" signature="teardown()[pri:0, instance:Classes.DatePicker$ActionsModule@1a942c18]" started-at="2023-05-23T18:39:12 MYT" name="teardown" finished-at="2023-05-23T18:39:18 MYT" duration-ms="5973" status="PASS">
          <reporter-output>
          </reporter-output>
        </test-method> <!-- teardown -->
      </class> <!-- Classes.DatePicker$ActionsModule -->
      <class name="Classes.ActionsModule">
        <test-method signature="open_chrome()[pri:1, instance:Classes.ActionsModule@54e1c68b]" started-at="2023-05-23T18:38:52 MYT" name="open_chrome" finished-at="2023-05-23T18:39:01 MYT" duration-ms="8467" status="PASS">
          <reporter-output>
          </reporter-output>
        </test-method> <!-- open_chrome -->
        <test-method signature="screenshot()[pri:2, instance:Classes.ActionsModule@54e1c68b]" started-at="2023-05-23T18:39:18 MYT" name="screenshot" finished-at="2023-05-23T18:39:18 MYT" duration-ms="237" status="PASS">
          <reporter-output>
          </reporter-output>
        </test-method> <!-- screenshot -->
        <test-method signature="login()[pri:3, instance:Classes.ActionsModule@54e1c68b]" started-at="2023-05-23T18:39:18 MYT" name="login" finished-at="2023-05-23T18:39:25 MYT" duration-ms="6815" status="PASS">
          <reporter-output>
          </reporter-output>
        </test-method> <!-- login -->
        <test-method signature="mouse_over_contacts()[pri:4, instance:Classes.ActionsModule@54e1c68b]" started-at="2023-05-23T18:39:25 MYT" name="mouse_over_contacts" finished-at="2023-05-23T18:39:25 MYT" duration-ms="268" status="PASS">
          <reporter-output>
          </reporter-output>
        </test-method> <!-- mouse_over_contacts -->
        <test-method signature="contacts()[pri:5, instance:Classes.ActionsModule@54e1c68b]" started-at="2023-05-23T18:39:25 MYT" name="contacts" finished-at="2023-05-23T18:39:34 MYT" duration-ms="8893" status="PASS">
          <reporter-output>
          </reporter-output>
        </test-method> <!-- contacts -->
        <test-method signature="logout()[pri:6, instance:Classes.ActionsModule@54e1c68b]" started-at="2023-05-23T18:39:34 MYT" name="logout" finished-at="2023-05-23T18:39:36 MYT" duration-ms="1315" status="PASS">
          <reporter-output>
          </reporter-output>
        </test-method> <!-- logout -->
        <test-method is-config="true" signature="teardown()[pri:0, instance:Classes.ActionsModule@54e1c68b]" started-at="2023-05-23T18:39:36 MYT" name="teardown" finished-at="2023-05-23T18:39:41 MYT" duration-ms="4838" status="PASS">
          <reporter-output>
          </reporter-output>
        </test-method> <!-- teardown -->
      </class> <!-- Classes.ActionsModule -->
    </test> <!-- Test Demo -->
  </suite> <!-- Suite1 -->
</testng-results>
